INFO	?	main	2016-07-22T04:56:36.479Z	org.javacs.Main#connectToNode	Connected to parent using socket on port 55282
INFO	?	pool-1-thread-1	2016-07-22T04:56:36.805Z	org.javacs.JavaLanguageServer#doLint	Lint /Users/jj/code/githubmore/ToDoList/android/app/src/main/java/com/awesomeproject/MainActivity.java
SEVERE	?	pool-1-thread-1	2016-07-22T04:56:36.811Z	org.javacs.Main#lambda$run$0	Can't find configuration file for /Users/jj/code/githubmore/ToDoList/android/app/src/main/java/com/awesomeproject/MainActivity.java
org.javacs.ShowMessageException: Can't find configuration file for /Users/jj/code/githubmore/ToDoList/android/app/src/main/java/com/awesomeproject/MainActivity.java
	at org.javacs.ShowMessageException.create(ShowMessageException.java:29)
	at org.javacs.ShowMessageException.warning(ShowMessageException.java:20)
	at org.javacs.JavaLanguageServer$1.didOpen(JavaLanguageServer.java:185)
	at io.typefox.lsapi.services.json.LanguageServerToJsonAdapter._doAccept(LanguageServerToJsonAdapter.xtend:217)
	at io.typefox.lsapi.services.json.LanguageServerToJsonAdapter.doAccept(LanguageServerToJsonAdapter.xtend:213)
	at io.typefox.lsapi.services.json.LanguageServerToJsonAdapter.accept(LanguageServerToJsonAdapter.xtend:124)
	at io.typefox.lsapi.services.json.LanguageServerProtocol.handleMessage(LanguageServerProtocol.xtend:79)
	at io.typefox.lsapi.services.json.LanguageServerProtocol$IOHandler.handleMessage(LanguageServerProtocol.xtend:284)
	at io.typefox.lsapi.services.json.LanguageServerProtocol$IOHandler.run(LanguageServerProtocol.xtend:220)
	at io.typefox.lsapi.services.json.LanguageServerProtocol$IOHandler.run(LanguageServerProtocol.xtend:180)
	at java.util.concurrent.Executors$RunnableAdapter.call(Executors.java:511)
	at java.util.concurrent.FutureTask.run(FutureTask.java:266)
	at java.util.concurrent.ThreadPoolExecutor.runWorker(ThreadPoolExecutor.java:1142)
	at java.util.concurrent.ThreadPoolExecutor$Worker.run(ThreadPoolExecutor.java:617)
	at java.lang.Thread.run(Thread.java:745)
Caused by: org.javacs.NoJavaConfigException: Can't find configuration file for /Users/jj/code/githubmore/ToDoList/android/app/src/main/java/com/awesomeproject/MainActivity.java
	at org.javacs.JavaLanguageServer.lambda$findCompiler$21(JavaLanguageServer.java:444)
	at java.util.Optional.orElseThrow(Optional.java:290)
	at org.javacs.JavaLanguageServer.findCompiler(JavaLanguageServer.java:444)
	at org.javacs.JavaLanguageServer.doLint(JavaLanguageServer.java:292)
	at org.javacs.JavaLanguageServer.access$400(JavaLanguageServer.java:25)
	at org.javacs.JavaLanguageServer$1.didOpen(JavaLanguageServer.java:182)
	... 12 more

SEVERE	?	pool-1-thread-1	2016-07-22T04:56:39.114Z	org.javacs.Main#lambda$run$0	Can't find configuration file for /Users/jj/code/githubmore/ToDoList/android/app/src/main/java/com/awesomeproject/MainActivity.java
org.javacs.NoJavaConfigException: Can't find configuration file for /Users/jj/code/githubmore/ToDoList/android/app/src/main/java/com/awesomeproject/MainActivity.java
	at org.javacs.JavaLanguageServer.lambda$findCompiler$21(JavaLanguageServer.java:444)
	at java.util.Optional.orElseThrow(Optional.java:290)
	at org.javacs.JavaLanguageServer.findCompiler(JavaLanguageServer.java:444)
	at org.javacs.JavaLanguageServer.doHover(JavaLanguageServer.java:776)
	at org.javacs.JavaLanguageServer$1.hover(JavaLanguageServer.java:107)
	at io.typefox.lsapi.services.json.LanguageServerToJsonAdapter._doAccept(LanguageServerToJsonAdapter.xtend:140)
	at io.typefox.lsapi.services.json.LanguageServerToJsonAdapter.doAccept(LanguageServerToJsonAdapter.xtend:127)
	at io.typefox.lsapi.services.json.LanguageServerToJsonAdapter.accept(LanguageServerToJsonAdapter.xtend:124)
	at io.typefox.lsapi.services.json.LanguageServerProtocol.handleMessage(LanguageServerProtocol.xtend:79)
	at io.typefox.lsapi.services.json.LanguageServerProtocol$IOHandler.handleMessage(LanguageServerProtocol.xtend:284)
	at io.typefox.lsapi.services.json.LanguageServerProtocol$IOHandler.run(LanguageServerProtocol.xtend:220)
	at io.typefox.lsapi.services.json.LanguageServerProtocol$IOHandler.run(LanguageServerProtocol.xtend:180)
	at java.util.concurrent.Executors$RunnableAdapter.call(Executors.java:511)
	at java.util.concurrent.FutureTask.run(FutureTask.java:266)
	at java.util.concurrent.ThreadPoolExecutor.runWorker(ThreadPoolExecutor.java:1142)
	at java.util.concurrent.ThreadPoolExecutor$Worker.run(ThreadPoolExecutor.java:617)
	at java.lang.Thread.run(Thread.java:745)

WARNING	?	pool-1-thread-1	2016-07-22T04:56:39.118Z	org.javacs.JavaLanguageServer#onError	Can't find configuration file for /Users/jj/code/githubmore/ToDoList/android/app/src/main/java/com/awesomeproject/MainActivity.java
SEVERE	?	pool-1-thread-1	2016-07-22T04:56:44.084Z	org.javacs.Main#lambda$run$0	Can't find configuration file for /Users/jj/code/githubmore/ToDoList/android/app/src/main/java/com/awesomeproject/MainActivity.java
org.javacs.NoJavaConfigException: Can't find configuration file for /Users/jj/code/githubmore/ToDoList/android/app/src/main/java/com/awesomeproject/MainActivity.java
	at org.javacs.JavaLanguageServer.lambda$findCompiler$21(JavaLanguageServer.java:444)
	at java.util.Optional.orElseThrow(Optional.java:290)
	at org.javacs.JavaLanguageServer.findCompiler(JavaLanguageServer.java:444)
	at org.javacs.JavaLanguageServer.doHover(JavaLanguageServer.java:776)
	at org.javacs.JavaLanguageServer$1.hover(JavaLanguageServer.java:107)
	at io.typefox.lsapi.services.json.LanguageServerToJsonAdapter._doAccept(LanguageServerToJsonAdapter.xtend:140)
	at io.typefox.lsapi.services.json.LanguageServerToJsonAdapter.doAccept(LanguageServerToJsonAdapter.xtend:127)
	at io.typefox.lsapi.services.json.LanguageServerToJsonAdapter.accept(LanguageServerToJsonAdapter.xtend:124)
	at io.typefox.lsapi.services.json.LanguageServerProtocol.handleMessage(LanguageServerProtocol.xtend:79)
	at io.typefox.lsapi.services.json.LanguageServerProtocol$IOHandler.handleMessage(LanguageServerProtocol.xtend:284)
	at io.typefox.lsapi.services.json.LanguageServerProtocol$IOHandler.run(LanguageServerProtocol.xtend:220)
	at io.typefox.lsapi.services.json.LanguageServerProtocol$IOHandler.run(LanguageServerProtocol.xtend:180)
	at java.util.concurrent.Executors$RunnableAdapter.call(Executors.java:511)
	at java.util.concurrent.FutureTask.run(FutureTask.java:266)
	at java.util.concurrent.ThreadPoolExecutor.runWorker(ThreadPoolExecutor.java:1142)
	at java.util.concurrent.ThreadPoolExecutor$Worker.run(ThreadPoolExecutor.java:617)
	at java.lang.Thread.run(Thread.java:745)

WARNING	?	pool-1-thread-1	2016-07-22T04:56:44.085Z	org.javacs.JavaLanguageServer#onError	Can't find configuration file for /Users/jj/code/githubmore/ToDoList/android/app/src/main/java/com/awesomeproject/MainActivity.java
SEVERE	?	pool-1-thread-1	2016-07-22T04:56:44.465Z	org.javacs.Main#lambda$run$0	Can't find configuration file for /Users/jj/code/githubmore/ToDoList/android/app/src/main/java/com/awesomeproject/MainActivity.java
org.javacs.NoJavaConfigException: Can't find configuration file for /Users/jj/code/githubmore/ToDoList/android/app/src/main/java/com/awesomeproject/MainActivity.java
	at org.javacs.JavaLanguageServer.lambda$findCompiler$21(JavaLanguageServer.java:444)
	at java.util.Optional.orElseThrow(Optional.java:290)
	at org.javacs.JavaLanguageServer.findCompiler(JavaLanguageServer.java:444)
	at org.javacs.JavaLanguageServer.doHover(JavaLanguageServer.java:776)
	at org.javacs.JavaLanguageServer$1.hover(JavaLanguageServer.java:107)
	at io.typefox.lsapi.services.json.LanguageServerToJsonAdapter._doAccept(LanguageServerToJsonAdapter.xtend:140)
	at io.typefox.lsapi.services.json.LanguageServerToJsonAdapter.doAccept(LanguageServerToJsonAdapter.xtend:127)
	at io.typefox.lsapi.services.json.LanguageServerToJsonAdapter.accept(LanguageServerToJsonAdapter.xtend:124)
	at io.typefox.lsapi.services.json.LanguageServerProtocol.handleMessage(LanguageServerProtocol.xtend:79)
	at io.typefox.lsapi.services.json.LanguageServerProtocol$IOHandler.handleMessage(LanguageServerProtocol.xtend:284)
	at io.typefox.lsapi.services.json.LanguageServerProtocol$IOHandler.run(LanguageServerProtocol.xtend:220)
	at io.typefox.lsapi.services.json.LanguageServerProtocol$IOHandler.run(LanguageServerProtocol.xtend:180)
	at java.util.concurrent.Executors$RunnableAdapter.call(Executors.java:511)
	at java.util.concurrent.FutureTask.run(FutureTask.java:266)
	at java.util.concurrent.ThreadPoolExecutor.runWorker(ThreadPoolExecutor.java:1142)
	at java.util.concurrent.ThreadPoolExecutor$Worker.run(ThreadPoolExecutor.java:617)
	at java.lang.Thread.run(Thread.java:745)

WARNING	?	pool-1-thread-1	2016-07-22T04:56:44.467Z	org.javacs.JavaLanguageServer#onError	Can't find configuration file for /Users/jj/code/githubmore/ToDoList/android/app/src/main/java/com/awesomeproject/MainActivity.java
SEVERE	?	pool-1-thread-1	2016-07-22T04:56:44.959Z	org.javacs.Main#lambda$run$0	Can't find configuration file for /Users/jj/code/githubmore/ToDoList/android/app/src/main/java/com/awesomeproject/MainActivity.java
org.javacs.NoJavaConfigException: Can't find configuration file for /Users/jj/code/githubmore/ToDoList/android/app/src/main/java/com/awesomeproject/MainActivity.java
	at org.javacs.JavaLanguageServer.lambda$findCompiler$21(JavaLanguageServer.java:444)
	at java.util.Optional.orElseThrow(Optional.java:290)
	at org.javacs.JavaLanguageServer.findCompiler(JavaLanguageServer.java:444)
	at org.javacs.JavaLanguageServer.doHover(JavaLanguageServer.java:776)
	at org.javacs.JavaLanguageServer$1.hover(JavaLanguageServer.java:107)
	at io.typefox.lsapi.services.json.LanguageServerToJsonAdapter._doAccept(LanguageServerToJsonAdapter.xtend:140)
	at io.typefox.lsapi.services.json.LanguageServerToJsonAdapter.doAccept(LanguageServerToJsonAdapter.xtend:127)
	at io.typefox.lsapi.services.json.LanguageServerToJsonAdapter.accept(LanguageServerToJsonAdapter.xtend:124)
	at io.typefox.lsapi.services.json.LanguageServerProtocol.handleMessage(LanguageServerProtocol.xtend:79)
	at io.typefox.lsapi.services.json.LanguageServerProtocol$IOHandler.handleMessage(LanguageServerProtocol.xtend:284)
	at io.typefox.lsapi.services.json.LanguageServerProtocol$IOHandler.run(LanguageServerProtocol.xtend:220)
	at io.typefox.lsapi.services.json.LanguageServerProtocol$IOHandler.run(LanguageServerProtocol.xtend:180)
	at java.util.concurrent.Executors$RunnableAdapter.call(Executors.java:511)
	at java.util.concurrent.FutureTask.run(FutureTask.java:266)
	at java.util.concurrent.ThreadPoolExecutor.runWorker(ThreadPoolExecutor.java:1142)
	at java.util.concurrent.ThreadPoolExecutor$Worker.run(ThreadPoolExecutor.java:617)
	at java.lang.Thread.run(Thread.java:745)

WARNING	?	pool-1-thread-1	2016-07-22T04:56:44.959Z	org.javacs.JavaLanguageServer#onError	Can't find configuration file for /Users/jj/code/githubmore/ToDoList/android/app/src/main/java/com/awesomeproject/MainActivity.java
SEVERE	?	pool-1-thread-1	2016-07-22T04:58:26.866Z	org.javacs.Main#lambda$run$0	Can't find configuration file for /Users/jj/code/githubmore/ToDoList/android/app/src/main/java/com/awesomeproject/MainActivity.java
org.javacs.NoJavaConfigException: Can't find configuration file for /Users/jj/code/githubmore/ToDoList/android/app/src/main/java/com/awesomeproject/MainActivity.java
	at org.javacs.JavaLanguageServer.lambda$findCompiler$21(JavaLanguageServer.java:444)
	at java.util.Optional.orElseThrow(Optional.java:290)
	at org.javacs.JavaLanguageServer.findCompiler(JavaLanguageServer.java:444)
	at org.javacs.JavaLanguageServer.doHover(JavaLanguageServer.java:776)
	at org.javacs.JavaLanguageServer$1.hover(JavaLanguageServer.java:107)
	at io.typefox.lsapi.services.json.LanguageServerToJsonAdapter._doAccept(LanguageServerToJsonAdapter.xtend:140)
	at io.typefox.lsapi.services.json.LanguageServerToJsonAdapter.doAccept(LanguageServerToJsonAdapter.xtend:127)
	at io.typefox.lsapi.services.json.LanguageServerToJsonAdapter.accept(LanguageServerToJsonAdapter.xtend:124)
	at io.typefox.lsapi.services.json.LanguageServerProtocol.handleMessage(LanguageServerProtocol.xtend:79)
	at io.typefox.lsapi.services.json.LanguageServerProtocol$IOHandler.handleMessage(LanguageServerProtocol.xtend:284)
	at io.typefox.lsapi.services.json.LanguageServerProtocol$IOHandler.run(LanguageServerProtocol.xtend:220)
	at io.typefox.lsapi.services.json.LanguageServerProtocol$IOHandler.run(LanguageServerProtocol.xtend:180)
	at java.util.concurrent.Executors$RunnableAdapter.call(Executors.java:511)
	at java.util.concurrent.FutureTask.run(FutureTask.java:266)
	at java.util.concurrent.ThreadPoolExecutor.runWorker(ThreadPoolExecutor.java:1142)
	at java.util.concurrent.ThreadPoolExecutor$Worker.run(ThreadPoolExecutor.java:617)
	at java.lang.Thread.run(Thread.java:745)

WARNING	?	pool-1-thread-1	2016-07-22T04:58:26.867Z	org.javacs.JavaLanguageServer#onError	Can't find configuration file for /Users/jj/code/githubmore/ToDoList/android/app/src/main/java/com/awesomeproject/MainActivity.java
SEVERE	?	pool-1-thread-1	2016-07-22T04:58:27.364Z	org.javacs.Main#lambda$run$0	Can't find configuration file for /Users/jj/code/githubmore/ToDoList/android/app/src/main/java/com/awesomeproject/MainActivity.java
org.javacs.NoJavaConfigException: Can't find configuration file for /Users/jj/code/githubmore/ToDoList/android/app/src/main/java/com/awesomeproject/MainActivity.java
	at org.javacs.JavaLanguageServer.lambda$findCompiler$21(JavaLanguageServer.java:444)
	at java.util.Optional.orElseThrow(Optional.java:290)
	at org.javacs.JavaLanguageServer.findCompiler(JavaLanguageServer.java:444)
	at org.javacs.JavaLanguageServer.doHover(JavaLanguageServer.java:776)
	at org.javacs.JavaLanguageServer$1.hover(JavaLanguageServer.java:107)
	at io.typefox.lsapi.services.json.LanguageServerToJsonAdapter._doAccept(LanguageServerToJsonAdapter.xtend:140)
	at io.typefox.lsapi.services.json.LanguageServerToJsonAdapter.doAccept(LanguageServerToJsonAdapter.xtend:127)
	at io.typefox.lsapi.services.json.LanguageServerToJsonAdapter.accept(LanguageServerToJsonAdapter.xtend:124)
	at io.typefox.lsapi.services.json.LanguageServerProtocol.handleMessage(LanguageServerProtocol.xtend:79)
	at io.typefox.lsapi.services.json.LanguageServerProtocol$IOHandler.handleMessage(LanguageServerProtocol.xtend:284)
	at io.typefox.lsapi.services.json.LanguageServerProtocol$IOHandler.run(LanguageServerProtocol.xtend:220)
	at io.typefox.lsapi.services.json.LanguageServerProtocol$IOHandler.run(LanguageServerProtocol.xtend:180)
	at java.util.concurrent.Executors$RunnableAdapter.call(Executors.java:511)
	at java.util.concurrent.FutureTask.run(FutureTask.java:266)
	at java.util.concurrent.ThreadPoolExecutor.runWorker(ThreadPoolExecutor.java:1142)
	at java.util.concurrent.ThreadPoolExecutor$Worker.run(ThreadPoolExecutor.java:617)
	at java.lang.Thread.run(Thread.java:745)

WARNING	?	pool-1-thread-1	2016-07-22T04:58:27.365Z	org.javacs.JavaLanguageServer#onError	Can't find configuration file for /Users/jj/code/githubmore/ToDoList/android/app/src/main/java/com/awesomeproject/MainActivity.java
SEVERE	?	pool-1-thread-1	2016-07-22T04:58:28.590Z	org.javacs.Main#lambda$run$0	Can't find configuration file for /Users/jj/code/githubmore/ToDoList/android/app/src/main/java/com/awesomeproject/MainActivity.java
org.javacs.NoJavaConfigException: Can't find configuration file for /Users/jj/code/githubmore/ToDoList/android/app/src/main/java/com/awesomeproject/MainActivity.java
	at org.javacs.JavaLanguageServer.lambda$findCompiler$21(JavaLanguageServer.java:444)
	at java.util.Optional.orElseThrow(Optional.java:290)
	at org.javacs.JavaLanguageServer.findCompiler(JavaLanguageServer.java:444)
	at org.javacs.JavaLanguageServer.doHover(JavaLanguageServer.java:776)
	at org.javacs.JavaLanguageServer$1.hover(JavaLanguageServer.java:107)
	at io.typefox.lsapi.services.json.LanguageServerToJsonAdapter._doAccept(LanguageServerToJsonAdapter.xtend:140)
	at io.typefox.lsapi.services.json.LanguageServerToJsonAdapter.doAccept(LanguageServerToJsonAdapter.xtend:127)
	at io.typefox.lsapi.services.json.LanguageServerToJsonAdapter.accept(LanguageServerToJsonAdapter.xtend:124)
	at io.typefox.lsapi.services.json.LanguageServerProtocol.handleMessage(LanguageServerProtocol.xtend:79)
	at io.typefox.lsapi.services.json.LanguageServerProtocol$IOHandler.handleMessage(LanguageServerProtocol.xtend:284)
	at io.typefox.lsapi.services.json.LanguageServerProtocol$IOHandler.run(LanguageServerProtocol.xtend:220)
	at io.typefox.lsapi.services.json.LanguageServerProtocol$IOHandler.run(LanguageServerProtocol.xtend:180)
	at java.util.concurrent.Executors$RunnableAdapter.call(Executors.java:511)
	at java.util.concurrent.FutureTask.run(FutureTask.java:266)
	at java.util.concurrent.ThreadPoolExecutor.runWorker(ThreadPoolExecutor.java:1142)
	at java.util.concurrent.ThreadPoolExecutor$Worker.run(ThreadPoolExecutor.java:617)
	at java.lang.Thread.run(Thread.java:745)

WARNING	?	pool-1-thread-1	2016-07-22T04:58:28.592Z	org.javacs.JavaLanguageServer#onError	Can't find configuration file for /Users/jj/code/githubmore/ToDoList/android/app/src/main/java/com/awesomeproject/MainActivity.java
SEVERE	?	pool-1-thread-1	2016-07-22T04:58:30.784Z	org.javacs.Main#lambda$run$0	Can't find configuration file for /Users/jj/code/githubmore/ToDoList/android/app/src/main/java/com/awesomeproject/MainActivity.java
org.javacs.NoJavaConfigException: Can't find configuration file for /Users/jj/code/githubmore/ToDoList/android/app/src/main/java/com/awesomeproject/MainActivity.java
	at org.javacs.JavaLanguageServer.lambda$findCompiler$21(JavaLanguageServer.java:444)
	at java.util.Optional.orElseThrow(Optional.java:290)
	at org.javacs.JavaLanguageServer.findCompiler(JavaLanguageServer.java:444)
	at org.javacs.JavaLanguageServer.doHover(JavaLanguageServer.java:776)
	at org.javacs.JavaLanguageServer$1.hover(JavaLanguageServer.java:107)
	at io.typefox.lsapi.services.json.LanguageServerToJsonAdapter._doAccept(LanguageServerToJsonAdapter.xtend:140)
	at io.typefox.lsapi.services.json.LanguageServerToJsonAdapter.doAccept(LanguageServerToJsonAdapter.xtend:127)
	at io.typefox.lsapi.services.json.LanguageServerToJsonAdapter.accept(LanguageServerToJsonAdapter.xtend:124)
	at io.typefox.lsapi.services.json.LanguageServerProtocol.handleMessage(LanguageServerProtocol.xtend:79)
	at io.typefox.lsapi.services.json.LanguageServerProtocol$IOHandler.handleMessage(LanguageServerProtocol.xtend:284)
	at io.typefox.lsapi.services.json.LanguageServerProtocol$IOHandler.run(LanguageServerProtocol.xtend:220)
	at io.typefox.lsapi.services.json.LanguageServerProtocol$IOHandler.run(LanguageServerProtocol.xtend:180)
	at java.util.concurrent.Executors$RunnableAdapter.call(Executors.java:511)
	at java.util.concurrent.FutureTask.run(FutureTask.java:266)
	at java.util.concurrent.ThreadPoolExecutor.runWorker(ThreadPoolExecutor.java:1142)
	at java.util.concurrent.ThreadPoolExecutor$Worker.run(ThreadPoolExecutor.java:617)
	at java.lang.Thread.run(Thread.java:745)

WARNING	?	pool-1-thread-1	2016-07-22T04:58:30.784Z	org.javacs.JavaLanguageServer#onError	Can't find configuration file for /Users/jj/code/githubmore/ToDoList/android/app/src/main/java/com/awesomeproject/MainActivity.java
SEVERE	?	pool-1-thread-1	2016-07-22T04:58:31.767Z	org.javacs.Main#lambda$run$0	Can't find configuration file for /Users/jj/code/githubmore/ToDoList/android/app/src/main/java/com/awesomeproject/MainActivity.java
org.javacs.NoJavaConfigException: Can't find configuration file for /Users/jj/code/githubmore/ToDoList/android/app/src/main/java/com/awesomeproject/MainActivity.java
	at org.javacs.JavaLanguageServer.lambda$findCompiler$21(JavaLanguageServer.java:444)
	at java.util.Optional.orElseThrow(Optional.java:290)
	at org.javacs.JavaLanguageServer.findCompiler(JavaLanguageServer.java:444)
	at org.javacs.JavaLanguageServer.doHover(JavaLanguageServer.java:776)
	at org.javacs.JavaLanguageServer$1.hover(JavaLanguageServer.java:107)
	at io.typefox.lsapi.services.json.LanguageServerToJsonAdapter._doAccept(LanguageServerToJsonAdapter.xtend:140)
	at io.typefox.lsapi.services.json.LanguageServerToJsonAdapter.doAccept(LanguageServerToJsonAdapter.xtend:127)
	at io.typefox.lsapi.services.json.LanguageServerToJsonAdapter.accept(LanguageServerToJsonAdapter.xtend:124)
	at io.typefox.lsapi.services.json.LanguageServerProtocol.handleMessage(LanguageServerProtocol.xtend:79)
	at io.typefox.lsapi.services.json.LanguageServerProtocol$IOHandler.handleMessage(LanguageServerProtocol.xtend:284)
	at io.typefox.lsapi.services.json.LanguageServerProtocol$IOHandler.run(LanguageServerProtocol.xtend:220)
	at io.typefox.lsapi.services.json.LanguageServerProtocol$IOHandler.run(LanguageServerProtocol.xtend:180)
	at java.util.concurrent.Executors$RunnableAdapter.call(Executors.java:511)
	at java.util.concurrent.FutureTask.run(FutureTask.java:266)
	at java.util.concurrent.ThreadPoolExecutor.runWorker(ThreadPoolExecutor.java:1142)
	at java.util.concurrent.ThreadPoolExecutor$Worker.run(ThreadPoolExecutor.java:617)
	at java.lang.Thread.run(Thread.java:745)

WARNING	?	pool-1-thread-1	2016-07-22T04:58:31.767Z	org.javacs.JavaLanguageServer#onError	Can't find configuration file for /Users/jj/code/githubmore/ToDoList/android/app/src/main/java/com/awesomeproject/MainActivity.java
SEVERE	?	pool-1-thread-1	2016-07-22T04:58:32.150Z	org.javacs.Main#lambda$run$0	Can't find configuration file for /Users/jj/code/githubmore/ToDoList/android/app/src/main/java/com/awesomeproject/MainActivity.java
org.javacs.NoJavaConfigException: Can't find configuration file for /Users/jj/code/githubmore/ToDoList/android/app/src/main/java/com/awesomeproject/MainActivity.java
	at org.javacs.JavaLanguageServer.lambda$findCompiler$21(JavaLanguageServer.java:444)
	at java.util.Optional.orElseThrow(Optional.java:290)
	at org.javacs.JavaLanguageServer.findCompiler(JavaLanguageServer.java:444)
	at org.javacs.JavaLanguageServer.doHover(JavaLanguageServer.java:776)
	at org.javacs.JavaLanguageServer$1.hover(JavaLanguageServer.java:107)
	at io.typefox.lsapi.services.json.LanguageServerToJsonAdapter._doAccept(LanguageServerToJsonAdapter.xtend:140)
	at io.typefox.lsapi.services.json.LanguageServerToJsonAdapter.doAccept(LanguageServerToJsonAdapter.xtend:127)
	at io.typefox.lsapi.services.json.LanguageServerToJsonAdapter.accept(LanguageServerToJsonAdapter.xtend:124)
	at io.typefox.lsapi.services.json.LanguageServerProtocol.handleMessage(LanguageServerProtocol.xtend:79)
	at io.typefox.lsapi.services.json.LanguageServerProtocol$IOHandler.handleMessage(LanguageServerProtocol.xtend:284)
	at io.typefox.lsapi.services.json.LanguageServerProtocol$IOHandler.run(LanguageServerProtocol.xtend:220)
	at io.typefox.lsapi.services.json.LanguageServerProtocol$IOHandler.run(LanguageServerProtocol.xtend:180)
	at java.util.concurrent.Executors$RunnableAdapter.call(Executors.java:511)
	at java.util.concurrent.FutureTask.run(FutureTask.java:266)
	at java.util.concurrent.ThreadPoolExecutor.runWorker(ThreadPoolExecutor.java:1142)
	at java.util.concurrent.ThreadPoolExecutor$Worker.run(ThreadPoolExecutor.java:617)
	at java.lang.Thread.run(Thread.java:745)

WARNING	?	pool-1-thread-1	2016-07-22T04:58:32.151Z	org.javacs.JavaLanguageServer#onError	Can't find configuration file for /Users/jj/code/githubmore/ToDoList/android/app/src/main/java/com/awesomeproject/MainActivity.java
SEVERE	?	pool-1-thread-1	2016-07-22T04:58:35.047Z	org.javacs.Main#lambda$run$0	Can't find configuration file for /Users/jj/code/githubmore/ToDoList/android/app/src/main/java/com/awesomeproject/MainActivity.java
org.javacs.NoJavaConfigException: Can't find configuration file for /Users/jj/code/githubmore/ToDoList/android/app/src/main/java/com/awesomeproject/MainActivity.java
	at org.javacs.JavaLanguageServer.lambda$findCompiler$21(JavaLanguageServer.java:444)
	at java.util.Optional.orElseThrow(Optional.java:290)
	at org.javacs.JavaLanguageServer.findCompiler(JavaLanguageServer.java:444)
	at org.javacs.JavaLanguageServer.doHover(JavaLanguageServer.java:776)
	at org.javacs.JavaLanguageServer$1.hover(JavaLanguageServer.java:107)
	at io.typefox.lsapi.services.json.LanguageServerToJsonAdapter._doAccept(LanguageServerToJsonAdapter.xtend:140)
	at io.typefox.lsapi.services.json.LanguageServerToJsonAdapter.doAccept(LanguageServerToJsonAdapter.xtend:127)
	at io.typefox.lsapi.services.json.LanguageServerToJsonAdapter.accept(LanguageServerToJsonAdapter.xtend:124)
	at io.typefox.lsapi.services.json.LanguageServerProtocol.handleMessage(LanguageServerProtocol.xtend:79)
	at io.typefox.lsapi.services.json.LanguageServerProtocol$IOHandler.handleMessage(LanguageServerProtocol.xtend:284)
	at io.typefox.lsapi.services.json.LanguageServerProtocol$IOHandler.run(LanguageServerProtocol.xtend:220)
	at io.typefox.lsapi.services.json.LanguageServerProtocol$IOHandler.run(LanguageServerProtocol.xtend:180)
	at java.util.concurrent.Executors$RunnableAdapter.call(Executors.java:511)
	at java.util.concurrent.FutureTask.run(FutureTask.java:266)
	at java.util.concurrent.ThreadPoolExecutor.runWorker(ThreadPoolExecutor.java:1142)
	at java.util.concurrent.ThreadPoolExecutor$Worker.run(ThreadPoolExecutor.java:617)
	at java.lang.Thread.run(Thread.java:745)

WARNING	?	pool-1-thread-1	2016-07-22T04:58:35.047Z	org.javacs.JavaLanguageServer#onError	Can't find configuration file for /Users/jj/code/githubmore/ToDoList/android/app/src/main/java/com/awesomeproject/MainActivity.java
SEVERE	?	pool-1-thread-1	2016-07-22T04:58:36.260Z	org.javacs.Main#lambda$run$0	Can't find configuration file for /Users/jj/code/githubmore/ToDoList/android/app/src/main/java/com/awesomeproject/MainActivity.java
org.javacs.NoJavaConfigException: Can't find configuration file for /Users/jj/code/githubmore/ToDoList/android/app/src/main/java/com/awesomeproject/MainActivity.java
	at org.javacs.JavaLanguageServer.lambda$findCompiler$21(JavaLanguageServer.java:444)
	at java.util.Optional.orElseThrow(Optional.java:290)
	at org.javacs.JavaLanguageServer.findCompiler(JavaLanguageServer.java:444)
	at org.javacs.JavaLanguageServer.doHover(JavaLanguageServer.java:776)
	at org.javacs.JavaLanguageServer$1.hover(JavaLanguageServer.java:107)
	at io.typefox.lsapi.services.json.LanguageServerToJsonAdapter._doAccept(LanguageServerToJsonAdapter.xtend:140)
	at io.typefox.lsapi.services.json.LanguageServerToJsonAdapter.doAccept(LanguageServerToJsonAdapter.xtend:127)
	at io.typefox.lsapi.services.json.LanguageServerToJsonAdapter.accept(LanguageServerToJsonAdapter.xtend:124)
	at io.typefox.lsapi.services.json.LanguageServerProtocol.handleMessage(LanguageServerProtocol.xtend:79)
	at io.typefox.lsapi.services.json.LanguageServerProtocol$IOHandler.handleMessage(LanguageServerProtocol.xtend:284)
	at io.typefox.lsapi.services.json.LanguageServerProtocol$IOHandler.run(LanguageServerProtocol.xtend:220)
	at io.typefox.lsapi.services.json.LanguageServerProtocol$IOHandler.run(LanguageServerProtocol.xtend:180)
	at java.util.concurrent.Executors$RunnableAdapter.call(Executors.java:511)
	at java.util.concurrent.FutureTask.run(FutureTask.java:266)
	at java.util.concurrent.ThreadPoolExecutor.runWorker(ThreadPoolExecutor.java:1142)
	at java.util.concurrent.ThreadPoolExecutor$Worker.run(ThreadPoolExecutor.java:617)
	at java.lang.Thread.run(Thread.java:745)

WARNING	?	pool-1-thread-1	2016-07-22T04:58:36.262Z	org.javacs.JavaLanguageServer#onError	Can't find configuration file for /Users/jj/code/githubmore/ToDoList/android/app/src/main/java/com/awesomeproject/MainActivity.java
INFO	?	pool-1-thread-1	2016-07-22T04:58:59.900Z	org.javacs.JavaLanguageServer#doLint	Lint /Users/jj/code/githubmore/ToDoList/android/app/src/main/java/com/awesomeproject/MainActivity.java
SEVERE	?	pool-1-thread-1	2016-07-22T04:58:59.901Z	org.javacs.Main#lambda$run$0	Can't find configuration file for /Users/jj/code/githubmore/ToDoList/android/app/src/main/java/com/awesomeproject/MainActivity.java
org.javacs.NoJavaConfigException: Can't find configuration file for /Users/jj/code/githubmore/ToDoList/android/app/src/main/java/com/awesomeproject/MainActivity.java
	at org.javacs.JavaLanguageServer.lambda$findCompiler$21(JavaLanguageServer.java:444)
	at java.util.Optional.orElseThrow(Optional.java:290)
	at org.javacs.JavaLanguageServer.findCompiler(JavaLanguageServer.java:444)
	at org.javacs.JavaLanguageServer.doLint(JavaLanguageServer.java:292)
	at org.javacs.JavaLanguageServer.access$400(JavaLanguageServer.java:25)
	at org.javacs.JavaLanguageServer$1.didSave(JavaLanguageServer.java:232)
	at io.typefox.lsapi.services.json.LanguageServerToJsonAdapter._doAccept(LanguageServerToJsonAdapter.xtend:223)
	at io.typefox.lsapi.services.json.LanguageServerToJsonAdapter.doAccept(LanguageServerToJsonAdapter.xtend:213)
	at io.typefox.lsapi.services.json.LanguageServerToJsonAdapter.accept(LanguageServerToJsonAdapter.xtend:124)
	at io.typefox.lsapi.services.json.LanguageServerProtocol.handleMessage(LanguageServerProtocol.xtend:79)
	at io.typefox.lsapi.services.json.LanguageServerProtocol$IOHandler.handleMessage(LanguageServerProtocol.xtend:284)
	at io.typefox.lsapi.services.json.LanguageServerProtocol$IOHandler.run(LanguageServerProtocol.xtend:220)
	at io.typefox.lsapi.services.json.LanguageServerProtocol$IOHandler.run(LanguageServerProtocol.xtend:180)
	at java.util.concurrent.Executors$RunnableAdapter.call(Executors.java:511)
	at java.util.concurrent.FutureTask.run(FutureTask.java:266)
	at java.util.concurrent.ThreadPoolExecutor.runWorker(ThreadPoolExecutor.java:1142)
	at java.util.concurrent.ThreadPoolExecutor$Worker.run(ThreadPoolExecutor.java:617)
	at java.lang.Thread.run(Thread.java:745)

WARNING	?	pool-1-thread-1	2016-07-22T04:58:59.901Z	org.javacs.JavaLanguageServer#onError	Can't find configuration file for /Users/jj/code/githubmore/ToDoList/android/app/src/main/java/com/awesomeproject/MainActivity.java
